# JRE version: OpenJDK Runtime Environment (8.0_152-b01) (build 1.8.0_152-release-1024-b01)
# Java VM: OpenJDK 64-Bit Server VM (25.152-b01 mixed mode linux-amd64 compressed oops)
Heap:
 PSYoungGen      total 263680K, used 19446K [0x00000000e0000000, 0x00000000f1680000, 0x0000000100000000)
  eden space 244224K, 0% used [0x00000000e0000000,0x00000000e0000000,0x00000000eee80000)
  from space 19456K, 99% used [0x00000000f0380000,0x00000000f167db70,0x00000000f1680000)
  to   space 12800K, 0% used [0x00000000ef700000,0x00000000ef700000,0x00000000f0380000)
 ParOldGen       total 140288K, used 54962K [0x00000000a0000000, 0x00000000a8900000, 0x00000000e0000000)
  object space 140288K, 39% used [0x00000000a0000000,0x00000000a35aca10,0x00000000a8900000)
 Metaspace       used 85326K, capacity 89110K, committed 89304K, reserved 1126400K
  class space    used 11240K, capacity 12030K, committed 12032K, reserved 1048576K
GC Heap History (10 events):
Event: 725.645 GC heap after
Heap after GC invocations=14 (full 3):
 PSYoungGen      total 203264K, used 12896K [0x00000000e0000000, 0x00000000eff80000, 0x0000000100000000)
  eden space 182784K, 0% used [0x00000000e0000000,0x00000000e0000000,0x00000000eb280000)
  from space 20480K, 62% used [0x00000000eb280000,0x00000000ebf18138,0x00000000ec680000)
  to   space 20480K, 0% used [0x00000000eeb80000,0x00000000eeb80000,0x00000000eff80000)
 ParOldGen       total 140288K, used 34931K [0x00000000a0000000, 0x00000000a8900000, 0x00000000e0000000)
  object space 140288K, 24% used [0x00000000a0000000,0x00000000a221cef8,0x00000000a8900000)
 Metaspace       used 67620K, capacity 70350K, committed 70616K, reserved 1110016K
  class space    used 9106K, capacity 9684K, committed 9728K, reserved 1048576K
}
Event: 727.764 GC heap before
{Heap before GC invocations=15 (full 3):
 PSYoungGen      total 203264K, used 194938K [0x00000000e0000000, 0x00000000eff80000, 0x0000000100000000)
  eden space 182784K, 99% used [0x00000000e0000000,0x00000000eb1c67f0,0x00000000eb280000)
  from space 20480K, 62% used [0x00000000eb280000,0x00000000ebf18138,0x00000000ec680000)
  to   space 20480K, 0% used [0x00000000eeb80000,0x00000000eeb80000,0x00000000eff80000)
 ParOldGen       total 140288K, used 34931K [0x00000000a0000000, 0x00000000a8900000, 0x00000000e0000000)
  object space 140288K, 24% used [0x00000000a0000000,0x00000000a221cef8,0x00000000a8900000)
 Metaspace       used 69334K, capacity 72294K, committed 72408K, reserved 1112064K
  class space    used 9271K, capacity 9872K, committed 9984K, reserved 1048576K
Event: 727.791 GC heap after
Heap after GC invocations=15 (full 3):
 PSYoungGen      total 236032K, used 9206K [0x00000000e0000000, 0x00000000efc00000, 0x0000000100000000)
  eden space 219136K, 0% used [0x00000000e0000000,0x00000000e0000000,0x00000000ed600000)
  from space 16896K, 54% used [0x00000000eeb80000,0x00000000ef47d858,0x00000000efc00000)
  to   space 19456K, 0% used [0x00000000ed600000,0x00000000ed600000,0x00000000ee900000)
 ParOldGen       total 140288K, used 34939K [0x00000000a0000000, 0x00000000a8900000, 0x00000000e0000000)
  object space 140288K, 24% used [0x00000000a0000000,0x00000000a221eef8,0x00000000a8900000)
 Metaspace       used 69334K, capacity 72294K, committed 72408K, reserved 1112064K
  class space    used 9271K, capacity 9872K, committed 9984K, reserved 1048576K
}
Event: 1750.689 GC heap before
{Heap before GC invocations=16 (full 3):
 PSYoungGen      total 236032K, used 228342K [0x00000000e0000000, 0x00000000efc00000, 0x0000000100000000)
  eden space 219136K, 100% used [0x00000000e0000000,0x00000000ed600000,0x00000000ed600000)
  from space 16896K, 54% used [0x00000000eeb80000,0x00000000ef47d858,0x00000000efc00000)
  to   space 19456K, 0% used [0x00000000ed600000,0x00000000ed600000,0x00000000ee900000)
 ParOldGen       total 140288K, used 34939K [0x00000000a0000000, 0x00000000a8900000, 0x00000000e0000000)
  object space 140288K, 24% used [0x00000000a0000000,0x00000000a221eef8,0x00000000a8900000)
 Metaspace       used 69686K, capacity 72718K, committed 72920K, reserved 1112064K
  class space    used 9280K, capacity 9888K, committed 9984K, reserved 1048576K
Event: 1750.717 GC heap after
Heap after GC invocations=16 (full 3):
 PSYoungGen      total 238592K, used 5316K [0x00000000e0000000, 0x00000000f1e80000, 0x0000000100000000)
  eden space 219136K, 0% used [0x00000000e0000000,0x00000000e0000000,0x00000000ed600000)
  from space 19456K, 27% used [0x00000000ed600000,0x00000000edb31070,0x00000000ee900000)
  to   space 19456K, 0% used [0x00000000f0b80000,0x00000000f0b80000,0x00000000f1e80000)
 ParOldGen       total 140288K, used 34947K [0x00000000a0000000, 0x00000000a8900000, 0x00000000e0000000)
  object space 140288K, 24% used [0x00000000a0000000,0x00000000a2220ef8,0x00000000a8900000)
 Metaspace       used 69686K, capacity 72718K, committed 72920K, reserved 1112064K
  class space    used 9280K, capacity 9888K, committed 9984K, reserved 1048576K
}
Event: 1752.682 GC heap before
{Heap before GC invocations=17 (full 3):
 PSYoungGen      total 238592K, used 224063K [0x00000000e0000000, 0x00000000f1e80000, 0x0000000100000000)
  eden space 219136K, 99% used [0x00000000e0000000,0x00000000ed59eee0,0x00000000ed600000)
  from space 19456K, 27% used [0x00000000ed600000,0x00000000edb31070,0x00000000ee900000)
  to   space 19456K, 0% used [0x00000000f0b80000,0x00000000f0b80000,0x00000000f1e80000)
 ParOldGen       total 140288K, used 34947K [0x00000000a0000000, 0x00000000a8900000, 0x00000000e0000000)
  object space 140288K, 24% used [0x00000000a0000000,0x00000000a2220ef8,0x00000000a8900000)
 Metaspace       used 74797K, capacity 77914K, committed 78168K, reserved 1116160K
  class space    used 9908K, capacity 10544K, committed 10624K, reserved 1048576K
Event: 1752.703 GC heap after
Heap after GC invocations=17 (full 3):
 PSYoungGen      total 272384K, used 15991K [0x00000000e0000000, 0x00000000f2100000, 0x0000000100000000)
  eden space 252928K, 0% used [0x00000000e0000000,0x00000000e0000000,0x00000000ef700000)
  from space 19456K, 82% used [0x00000000f0b80000,0x00000000f1b1dd70,0x00000000f1e80000)
  to   space 20992K, 0% used [0x00000000ef700000,0x00000000ef700000,0x00000000f0b80000)
 ParOldGen       total 140288K, used 34955K [0x00000000a0000000, 0x00000000a8900000, 0x00000000e0000000)
  object space 140288K, 24% used [0x00000000a0000000,0x00000000a2222ef8,0x00000000a8900000)
 Metaspace       used 74797K, capacity 77914K, committed 78168K, reserved 1116160K
  class space    used 9908K, capacity 10544K, committed 10624K, reserved 1048576K
}
Event: 2236.705 GC heap before
{Heap before GC invocations=18 (full 3):
 PSYoungGen      total 272384K, used 268919K [0x00000000e0000000, 0x00000000f2100000, 0x0000000100000000)
  eden space 252928K, 100% used [0x00000000e0000000,0x00000000ef700000,0x00000000ef700000)
  from space 19456K, 82% used [0x00000000f0b80000,0x00000000f1b1dd70,0x00000000f1e80000)
  to   space 20992K, 0% used [0x00000000ef700000,0x00000000ef700000,0x00000000f0b80000)
 ParOldGen       total 140288K, used 34955K [0x00000000a0000000, 0x00000000a8900000, 0x00000000e0000000)
  object space 140288K, 24% used [0x00000000a0000000,0x00000000a2222ef8,0x00000000a8900000)
 Metaspace       used 76401K, capacity 79712K, committed 79832K, reserved 1118208K
  class space    used 10085K, capacity 10741K, committed 10752K, reserved 1048576K
Event: 2236.762 GC heap after
Heap after GC invocations=18 (full 3):
 PSYoungGen      total 257024K, used 12493K [0x00000000e0000000, 0x00000000f1680000, 0x0000000100000000)
  eden space 244224K, 0% used [0x00000000e0000000,0x00000000e0000000,0x00000000eee80000)
  from space 12800K, 97% used [0x00000000ef700000,0x00000000f0333688,0x00000000f0380000)
  to   space 19456K, 0% used [0x00000000f0380000,0x00000000f0380000,0x00000000f1680000)
 ParOldGen       total 140288K, used 34963K [0x00000000a0000000, 0x00000000a8900000, 0x00000000e0000000)
  object space 140288K, 24% used [0x00000000a0000000,0x00000000a2224ef8,0x00000000a8900000)
 Metaspace       used 76401K, capacity 79712K, committed 79832K, reserved 1118208K
  class space    used 10085K, capacity 10741K, committed 10752K, reserved 1048576K
}
Event: 2242.908 GC heap before
{Heap before GC invocations=19 (full 3):
 PSYoungGen      total 257024K, used 256717K [0x00000000e0000000, 0x00000000f1680000, 0x0000000100000000)
  eden space 244224K, 100% used [0x00000000e0000000,0x00000000eee80000,0x00000000eee80000)
  from space 12800K, 97% used [0x00000000ef700000,0x00000000f0333688,0x00000000f0380000)
  to   space 19456K, 0% used [0x00000000f0380000,0x00000000f0380000,0x00000000f1680000)
 ParOldGen       total 140288K, used 34963K [0x00000000a0000000, 0x00000000a8900000, 0x00000000e0000000)
  object space 140288K, 24% used [0x00000000a0000000,0x00000000a2224ef8,0x00000000a8900000)
 Metaspace       used 85326K, capacity 89110K, committed 89304K, reserved 1126400K
  class space    used 11240K, capacity 12030K, committed 12032K, reserved 1048576K

